Category: 📺央视频道, Name: CCTV-1, Total: 2, Valid: 2, Valid Percent: 100.00%, Whitelist: 0, IPv4: 2, IPv6: 0, Min Delay: 87 ms, Max Speed: 13.38 M/s, Avg Speed: 10.13 M/s, Max Resolution: 1920x1080
Category: 📺央视频道, Name: CCTV-2, Total: 3, Valid: 3, Valid Percent: 100.00%, Whitelist: 0, IPv4: 3, IPv6: 0, Min Delay: 76 ms, Max Speed: 16.21 M/s, Avg Speed: 8.84 M/s, Max Resolution: 1920x1080
Category: 📺央视频道, Name: CCTV-3, Total: 1, Valid: 1, Valid Percent: 100.00%, Whitelist: 0, IPv4: 1, IPv6: 0, Min Delay: 691 ms, Max Speed: 5.74 M/s, Avg Speed: 5.74 M/s, Max Resolution: 1920x1080
Category: 📺央视频道, Name: CCTV-4, Total: 3, Valid: 3, Valid Percent: 100.00%, Whitelist: 0, IPv4: 3, IPv6: 0, Min Delay: 673 ms, Max Speed: 6.22 M/s, Avg Speed: 2.33 M/s, Max Resolution: 1920x1080
Category: 📺央视频道, Name: CCTV-5, Total: 2, Valid: 2, Valid Percent: 100.00%, Whitelist: 0, IPv4: 2, IPv6: 0, Min Delay: 38 ms, Max Speed: 28.60 M/s, Avg Speed: 17.19 M/s, Max Resolution: 1920x1080
Category: 📺央视频道, Name: CCTV-5+, Total: 1, Valid: 1, Valid Percent: 100.00%, Whitelist: 0, IPv4: 1, IPv6: 0, Min Delay: 683 ms, Max Speed: 6.32 M/s, Avg Speed: 6.32 M/s, Max Resolution: 1920x1080
Category: 📺央视频道, Name: CCTV-6, Total: 2, Valid: 2, Valid Percent: 100.00%, Whitelist: 0, IPv4: 2, IPv6: 0, Min Delay: 35 ms, Max Speed: 29.41 M/s, Avg Speed: 17.86 M/s, Max Resolution: 1920x1080
Category: 📺央视频道, Name: CCTV-7, Total: 2, Valid: 2, Valid Percent: 100.00%, Whitelist: 0, IPv4: 2, IPv6: 0, Min Delay: 64 ms, Max Speed: 16.57 M/s, Avg Speed: 10.24 M/s, Max Resolution: 1920x1080
Category: 📺央视频道, Name: CCTV-8, Total: 2, Valid: 2, Valid Percent: 100.00%, Whitelist: 0, IPv4: 2, IPv6: 0, Min Delay: 62 ms, Max Speed: 17.13 M/s, Avg Speed: 11.88 M/s, Max Resolution: 1920x1080
Category: 📺央视频道, Name: CCTV-9, Total: 2, Valid: 2, Valid Percent: 100.00%, Whitelist: 0, IPv4: 2, IPv6: 0, Min Delay: 54 ms, Max Speed: 19.36 M/s, Avg Speed: 11.75 M/s, Max Resolution: 1920x1080
Category: 📺央视频道, Name: CCTV-10, Total: 1, Valid: 1, Valid Percent: 100.00%, Whitelist: 0, IPv4: 0, IPv6: 1, Min Delay: 59 ms, Max Speed: 18.84 M/s, Avg Speed: 18.84 M/s, Max Resolution: 1920x1080
Category: 📺央视频道, Name: CCTV-11, Total: 2, Valid: 2, Valid Percent: 100.00%, Whitelist: 0, IPv4: 2, IPv6: 0, Min Delay: 53 ms, Max Speed: 21.14 M/s, Avg Speed: 11.80 M/s, Max Resolution: 1920x1080
Category: 📺央视频道, Name: CCTV-12, Total: 1, Valid: 1, Valid Percent: 100.00%, Whitelist: 0, IPv4: 1, IPv6: 0, Min Delay: 57 ms, Max Speed: 18.13 M/s, Avg Speed: 18.13 M/s, Max Resolution: 1920x1080
Category: 📺央视频道, Name: CCTV-13, Total: 4, Valid: 4, Valid Percent: 100.00%, Whitelist: 0, IPv4: 1, IPv6: 3, Min Delay: 33 ms, Max Speed: 32.09 M/s, Avg Speed: 13.41 M/s, Max Resolution: 1920x1080
Category: 📺央视频道, Name: CCTV-14, Total: 2, Valid: 2, Valid Percent: 100.00%, Whitelist: 0, IPv4: 1, IPv6: 1, Min Delay: 56 ms, Max Speed: 17.18 M/s, Avg Speed: 14.71 M/s, Max Resolution: 1920x1080
Category: 📺央视频道, Name: CCTV-15, Total: 1, Valid: 1, Valid Percent: 100.00%, Whitelist: 0, IPv4: 1, IPv6: 0, Min Delay: 34 ms, Max Speed: 32.43 M/s, Avg Speed: 32.43 M/s, Max Resolution: 1920x1080
Category: 📺央视频道, Name: CCTV-16, Total: 3, Valid: 3, Valid Percent: 100.00%, Whitelist: 0, IPv4: 3, IPv6: 0, Min Delay: 32 ms, Max Speed: 35.04 M/s, Avg Speed: 13.83 M/s, Max Resolution: 1920x1080
Category: 📺央视频道, Name: CCTV-17, Total: 2, Valid: 2, Valid Percent: 100.00%, Whitelist: 0, IPv4: 2, IPv6: 0, Min Delay: 624 ms, Max Speed: 6.35 M/s, Avg Speed: 3.18 M/s, Max Resolution: 1920x1080
Category: 📡卫视频道, Name: 安徽卫视, Total: 2, Valid: 2, Valid Percent: 100.00%, Whitelist: 0, IPv4: 2, IPv6: 0, Min Delay: 22 ms, Max Speed: 33.13 M/s, Avg Speed: 18.60 M/s, Max Resolution: 1920x1080
Category: 📡卫视频道, Name: 广东卫视, Total: 1, Valid: 1, Valid Percent: 100.00%, Whitelist: 0, IPv4: 1, IPv6: 0, Min Delay: 25 ms, Max Speed: 3.95 M/s, Avg Speed: 3.95 M/s, Max Resolution: None
Category: 📡卫视频道, Name: 香港卫视, Total: 2, Valid: 1, Valid Percent: 50.00%, Whitelist: 0, IPv4: 2, IPv6: 0, Min Delay: 30 ms, Max Speed: 4.19 M/s, Avg Speed: 4.19 M/s, Max Resolution: 19x24
Category: 📡卫视频道, Name: 浙江卫视, Total: 3, Valid: 3, Valid Percent: 100.00%, Whitelist: 0, IPv4: 3, IPv6: 0, Min Delay: 60 ms, Max Speed: 25.16 M/s, Avg Speed: 9.84 M/s, Max Resolution: 1920x1080
Category: 📡卫视频道, Name: 湖南卫视, Total: 4, Valid: 4, Valid Percent: 100.00%, Whitelist: 0, IPv4: 4, IPv6: 0, Min Delay: 17 ms, Max Speed: 63.31 M/s, Avg Speed: 26.42 M/s, Max Resolution: 3840x2160
Category: 📡卫视频道, Name: 北京卫视, Total: 2, Valid: 2, Valid Percent: 100.00%, Whitelist: 0, IPv4: 2, IPv6: 0, Min Delay: 22 ms, Max Speed: 6.06 M/s, Avg Speed: 5.21 M/s, Max Resolution: 1920x1080
Category: 📡卫视频道, Name: 湖北卫视, Total: 2, Valid: 2, Valid Percent: 100.00%, Whitelist: 0, IPv4: 2, IPv6: 0, Min Delay: 25 ms, Max Speed: 33.98 M/s, Avg Speed: 18.84 M/s, Max Resolution: 1920x1080
Category: 📡卫视频道, Name: 黑龙江卫视, Total: 2, Valid: 2, Valid Percent: 100.00%, Whitelist: 0, IPv4: 2, IPv6: 0, Min Delay: 24 ms, Max Speed: 42.16 M/s, Avg Speed: 23.03 M/s, Max Resolution: 1920x1080
Category: 📡卫视频道, Name: 重庆卫视, Total: 1, Valid: 1, Valid Percent: 100.00%, Whitelist: 0, IPv4: 1, IPv6: 0, Min Delay: 29 ms, Max Speed: 39.98 M/s, Avg Speed: 39.98 M/s, Max Resolution: 1920x1080
Category: 📡卫视频道, Name: 东方卫视, Total: 1, Valid: 1, Valid Percent: 100.00%, Whitelist: 0, IPv4: 1, IPv6: 0, Min Delay: 641 ms, Max Speed: 5.17 M/s, Avg Speed: 5.17 M/s, Max Resolution: 1920x1080
Category: 📡卫视频道, Name: 东南卫视, Total: 1, Valid: 1, Valid Percent: 100.00%, Whitelist: 0, IPv4: 1, IPv6: 0, Min Delay: 26 ms, Max Speed: 4.11 M/s, Avg Speed: 4.11 M/s, Max Resolution: None
Category: 📡卫视频道, Name: 甘肃卫视, Total: 1, Valid: 1, Valid Percent: 100.00%, Whitelist: 0, IPv4: 1, IPv6: 0, Min Delay: 26 ms, Max Speed: 3.74 M/s, Avg Speed: 3.74 M/s, Max Resolution: None
Category: 📡卫视频道, Name: 广西卫视, Total: 1, Valid: 1, Valid Percent: 100.00%, Whitelist: 0, IPv4: 0, IPv6: 1, Min Delay: 689 ms, Max Speed: 2.33 M/s, Avg Speed: 2.33 M/s, Max Resolution: 1920x1080
Category: 📡卫视频道, Name: 贵州卫视, Total: 2, Valid: 2, Valid Percent: 100.00%, Whitelist: 0, IPv4: 2, IPv6: 0, Min Delay: 21 ms, Max Speed: 42.98 M/s, Avg Speed: 23.68 M/s, Max Resolution: 1920x1080
Category: 📡卫视频道, Name: 海南卫视, Total: 2, Valid: 2, Valid Percent: 100.00%, Whitelist: 0, IPv4: 2, IPv6: 0, Min Delay: 22 ms, Max Speed: 36.70 M/s, Avg Speed: 20.41 M/s, Max Resolution: 1920x1080
Category: 📡卫视频道, Name: 河北卫视, Total: 2, Valid: 2, Valid Percent: 100.00%, Whitelist: 0, IPv4: 2, IPv6: 0, Min Delay: 26 ms, Max Speed: 3.65 M/s, Avg Speed: 1.83 M/s, Max Resolution: None
Category: 📡卫视频道, Name: 河南卫视, Total: 3, Valid: 3, Valid Percent: 100.00%, Whitelist: 0, IPv4: 3, IPv6: 0, Min Delay: 24 ms, Max Speed: 36.48 M/s, Avg Speed: 16.57 M/s, Max Resolution: 1920x1080
Category: 📡卫视频道, Name: 吉林卫视, Total: 2, Valid: 2, Valid Percent: 100.00%, Whitelist: 0, IPv4: 2, IPv6: 0, Min Delay: 28 ms, Max Speed: 32.97 M/s, Avg Speed: 18.22 M/s, Max Resolution: 1920x1080
Category: 📡卫视频道, Name: 江苏卫视, Total: 3, Valid: 3, Valid Percent: 100.00%, Whitelist: 0, IPv4: 2, IPv6: 1, Min Delay: 30 ms, Max Speed: 42.32 M/s, Avg Speed: 20.07 M/s, Max Resolution: 1920x1080
Category: 📡卫视频道, Name: 江西卫视, Total: 2, Valid: 2, Valid Percent: 100.00%, Whitelist: 0, IPv4: 2, IPv6: 0, Min Delay: 27 ms, Max Speed: 35.13 M/s, Avg Speed: 19.46 M/s, Max Resolution: 1920x1080
Category: 📡卫视频道, Name: 辽宁卫视, Total: 1, Valid: 1, Valid Percent: 100.00%, Whitelist: 0, IPv4: 1, IPv6: 0, Min Delay: 31 ms, Max Speed: 35.45 M/s, Avg Speed: 35.45 M/s, Max Resolution: 1920x1080
Category: 📡卫视频道, Name: 内蒙古卫视, Total: 2, Valid: 2, Valid Percent: 100.00%, Whitelist: 0, IPv4: 2, IPv6: 0, Min Delay: 22 ms, Max Speed: 33.13 M/s, Avg Speed: 18.60 M/s, Max Resolution: 1920x1080
Category: 📡卫视频道, Name: 宁夏卫视, Total: 1, Valid: 1, Valid Percent: 100.00%, Whitelist: 0, IPv4: 1, IPv6: 0, Min Delay: 27 ms, Max Speed: 3.51 M/s, Avg Speed: 3.51 M/s, Max Resolution: None
Category: 📡卫视频道, Name: 青海卫视, Total: 2, Valid: 2, Valid Percent: 100.00%, Whitelist: 0, IPv4: 2, IPv6: 0, Min Delay: 27 ms, Max Speed: 10.76 M/s, Avg Speed: 7.08 M/s, Max Resolution: 1920x1080
Category: 📡卫视频道, Name: 山东卫视, Total: 1, Valid: 1, Valid Percent: 100.00%, Whitelist: 0, IPv4: 1, IPv6: 0, Min Delay: 24 ms, Max Speed: 4.37 M/s, Avg Speed: 4.37 M/s, Max Resolution: None
Category: 📡卫视频道, Name: 山西卫视, Total: 3, Valid: 3, Valid Percent: 100.00%, Whitelist: 0, IPv4: 3, IPv6: 0, Min Delay: 22 ms, Max Speed: 36.42 M/s, Avg Speed: 15.91 M/s, Max Resolution: 1920x1080
Category: 📡卫视频道, Name: 陕西卫视, Total: 1, Valid: 1, Valid Percent: 100.00%, Whitelist: 0, IPv4: 1, IPv6: 0, Min Delay: 30 ms, Max Speed: 36.15 M/s, Avg Speed: 36.15 M/s, Max Resolution: 1920x1080
Category: 📡卫视频道, Name: 四川卫视, Total: 2, Valid: 2, Valid Percent: 100.00%, Whitelist: 0, IPv4: 2, IPv6: 0, Min Delay: 22 ms, Max Speed: 35.28 M/s, Avg Speed: 19.80 M/s, Max Resolution: 1920x1080
Category: 📡卫视频道, Name: 深圳卫视, Total: 2, Valid: 2, Valid Percent: 100.00%, Whitelist: 0, IPv4: 2, IPv6: 0, Min Delay: 25 ms, Max Speed: 25.20 M/s, Avg Speed: 14.56 M/s, Max Resolution: 1920x1080
Category: 📡卫视频道, Name: 三沙卫视, Total: 1, Valid: 1, Valid Percent: 100.00%, Whitelist: 0, IPv4: 1, IPv6: 0, Min Delay: 47 ms, Max Speed: 22.00 M/s, Avg Speed: 22.00 M/s, Max Resolution: 1920x1080
Category: 📡卫视频道, Name: 天津卫视, Total: 1, Valid: 1, Valid Percent: 100.00%, Whitelist: 0, IPv4: 1, IPv6: 0, Min Delay: 382 ms, Max Speed: 11.70 M/s, Avg Speed: 11.70 M/s, Max Resolution: 1920x1080
Category: 📡卫视频道, Name: 西藏卫视, Total: 1, Valid: 1, Valid Percent: 100.00%, Whitelist: 0, IPv4: 1, IPv6: 0, Min Delay: 25 ms, Max Speed: 3.86 M/s, Avg Speed: 3.86 M/s, Max Resolution: None
Category: 📡卫视频道, Name: 新疆卫视, Total: 2, Valid: 2, Valid Percent: 100.00%, Whitelist: 0, IPv4: 2, IPv6: 0, Min Delay: 25 ms, Max Speed: 37.66 M/s, Avg Speed: 20.73 M/s, Max Resolution: 1920x1080
Category: 📡卫视频道, Name: 云南卫视, Total: 2, Valid: 2, Valid Percent: 100.00%, Whitelist: 0, IPv4: 2, IPv6: 0, Min Delay: 31 ms, Max Speed: 35.06 M/s, Avg Speed: 22.38 M/s, Max Resolution: 1920x1080
Category: ☘️安徽频道, Name: 安徽国际, Total: 2, Valid: 1, Valid Percent: 50.00%, Whitelist: 0, IPv4: 2, IPv6: 0, Min Delay: 1385 ms, Max Speed: 0.01 M/s, Avg Speed: 0.01 M/s, Max Resolution: 0x0
Category: ☘️安徽频道, Name: 安徽影视, Total: 1, Valid: 1, Valid Percent: 100.00%, Whitelist: 0, IPv4: 1, IPv6: 0, Min Delay: 2992 ms, Max Speed: 0.00 M/s, Avg Speed: 0.00 M/s, Max Resolution: 1920x1080
Category: ☘️安徽频道, Name: 安徽综艺体育, Total: 1, Valid: 1, Valid Percent: 100.00%, Whitelist: 0, IPv4: 1, IPv6: 0, Min Delay: 10693 ms, Max Speed: 0.08 M/s, Avg Speed: 0.08 M/s, Max Resolution: 1920x1080
Category: ☘️安徽频道, Name: 安徽导视, Total: 1, Valid: 1, Valid Percent: 100.00%, Whitelist: 0, IPv4: 1, IPv6: 0, Min Delay: 1930 ms, Max Speed: 1.35 M/s, Avg Speed: 1.35 M/s, Max Resolution: 1920x1080
